<?xml version="1.0" encoding="UTF-8"?>
<testng-results skipped="0" failed="0" ignored="0" total="2" passed="2">
  <reporter-output>
  </reporter-output>
  <suite name="Suite" duration-ms="40783" started-at="2020-07-02T18:30:29Z" finished-at="2020-07-02T18:31:09Z">
    <groups>
    </groups>
    <test name="ShypLiteTest" duration-ms="40783" started-at="2020-07-02T18:30:29Z" finished-at="2020-07-02T18:31:09Z">
      <class name="Login_Reg.RegistrationTest">
        <test-method status="PASS" signature="Register()[pri:0, instance:Login_Reg.RegistrationTest@8bd1b6a]" name="Register" duration-ms="18834" started-at="2020-07-02T18:30:29Z" finished-at="2020-07-02T18:30:47Z">
          <reporter-output>
          </reporter-output>
        </test-method> <!-- Register -->
      </class> <!-- Login_Reg.RegistrationTest -->
      <class name="Login_Reg.LoginTest">
        <test-method status="PASS" signature="login()[pri:0, instance:Login_Reg.LoginTest@18be83e4]" name="login" duration-ms="21877" started-at="2020-07-02T18:30:47Z" finished-at="2020-07-02T18:31:09Z">
          <reporter-output>
          </reporter-output>
        </test-method> <!-- login -->
      </class> <!-- Login_Reg.LoginTest -->
    </test> <!-- ShypLiteTest -->
  </suite> <!-- Suite -->
</testng-results>
